<?xml version="1.0" encoding="UTF-8"?>
<!-- Generated by org.testng.reporters.JUnitXMLReporter -->
<testsuite ignored="0" hostname="ICTAK-2024-LC-16" failures="0" tests="7" name="Default test" time="11.588" errors="0" timestamp="2026-01-02T18:12:36 IST">
  <testcase classname="testcases.BuyerTest" name="Logininvalid" time="2.119"/>
  <testcase classname="testcases.BuyerTest" name="LoginTest" time="4.018"/>
  <testcase classname="testcases.BuyerTest" name="ProductListTest" time="0.031"/>
  <testcase classname="testcases.BuyerTest" name="viewprdctDetails" time="0.184"/>
  <testcase classname="testcases.BuyerTest" name="Val_nameandprodTest" time="2.524"/>
  <testcase classname="testcases.BuyerTest" name="addCartTest" time="0.049"/>
  <testcase classname="testcases.BuyerTest" name="logoutTest" time="0.053"/>
</testsuite> <!-- Default test -->
