<?xml version="1.0" encoding="UTF-8"?>
<!-- Generated by org.testng.reporters.JUnitXMLReporter -->
<testsuite ignored="0" hostname="ICTAK-2024-LC-16" failures="0" tests="5" name="Default test" time="10.606" errors="0" timestamp="2026-01-02T16:30:45 IST">
  <testcase classname="testcases.BuyerTest" name="Logininvalid" time="0.863"/>
  <testcase classname="testcases.BuyerTest" name="LoginTest" time="5.43"/>
  <testcase classname="testcases.BuyerTest" name="ProductListTest" time="0.05"/>
  <testcase classname="testcases.BuyerTest" name="viewprdctDetails" time="0.181"/>
  <testcase classname="testcases.BuyerTest" name="Val_nameandprodTest" time="2.5"/>
</testsuite> <!-- Default test -->
