<?xml version="1.0" encoding="UTF-8"?>
<!-- Generated by org.testng.reporters.JUnitReportReporter -->
<testsuite hostname="ICTAK-2024-LC-16" failures="0" tests="5" name="testcases.BuyerTest" time="9.024" errors="0" timestamp="2026-01-02T16:30:45 IST" skipped="0">
  <testcase classname="testcases.BuyerTest" name="Logininvalid" time="0.863"/>
  <testcase classname="testcases.BuyerTest" name="LoginTest" time="5.430"/>
  <testcase classname="testcases.BuyerTest" name="ProductListTest" time="0.050"/>
  <testcase classname="testcases.BuyerTest" name="viewprdctDetails" time="0.181"/>
  <testcase classname="testcases.BuyerTest" name="Val_nameandprodTest" time="2.500"/>
</testsuite> <!-- testcases.BuyerTest -->
